<?xml version="1.0" encoding="UTF-8"?>
<!-- Generated by org.testng.reporters.JUnitReportReporter -->
<testsuite hostname="CaoNhan-PC" name="com.gcs.serp_qldh.service.EmployeeServiceImplTest" tests="7" failures="0" timestamp="22 Jul 2016 13:36:04 GMT" time="0.051" errors="0">
  <testcase name="findById" time="0.003" classname="com.gcs.serp_qldh.service.EmployeeServiceImplTest"/>
  <testcase name="updateEmployee" time="0.004" classname="com.gcs.serp_qldh.service.EmployeeServiceImplTest"/>
  <testcase name="findAllEmployees" time="0.014" classname="com.gcs.serp_qldh.service.EmployeeServiceImplTest"/>
  <testcase name="deleteEmployeeBySsn" time="0.002" classname="com.gcs.serp_qldh.service.EmployeeServiceImplTest"/>
  <testcase name="isEmployeeSsnUnique" time="0.001" classname="com.gcs.serp_qldh.service.EmployeeServiceImplTest"/>
  <testcase name="saveEmployee" time="0.025" classname="com.gcs.serp_qldh.service.EmployeeServiceImplTest"/>
  <testcase name="findEmployeeBySsn" time="0.002" classname="com.gcs.serp_qldh.service.EmployeeServiceImplTest"/>
</testsuite> <!-- com.gcs.serp_qldh.service.EmployeeServiceImplTest -->
