<?xml version="1.0" encoding="UTF-8"?>
<!-- Generated by org.testng.reporters.JUnitReportReporter -->
<testsuite hostname="CaoNhan-PC" name="com.gcs.serp_qtdh.controller.UserControllerTest" tests="1" failures="0" timestamp="23 Jul 2016 12:53:59 GMT" time="0.004" errors="0">
  <testcase name="listUsers" time="0.004" classname="com.gcs.serp_qtdh.controller.UserControllerTest"/>
</testsuite> <!-- com.gcs.serp_qtdh.controller.UserControllerTest -->
