<?xml version="1.0" encoding="UTF-8"?>
<!-- Generated by org.testng.reporters.JUnitReportReporter -->
<testsuite hostname="CaoNhan-PC" name="com.gcs.serp_qldh.controller.AppControllerTest" tests="10" failures="0" timestamp="22 Jul 2016 13:36:04 GMT" time="0.131" errors="0">
  <testcase name="updateEmployeeWithValidationError" time="0.003" classname="com.gcs.serp_qldh.controller.AppControllerTest"/>
  <testcase name="deleteEmployee" time="0.019" classname="com.gcs.serp_qldh.controller.AppControllerTest"/>
  <testcase name="listEmployees" time="0.008" classname="com.gcs.serp_qldh.controller.AppControllerTest"/>
  <testcase name="saveEmployeeWithValidationError" time="0.002" classname="com.gcs.serp_qldh.controller.AppControllerTest"/>
  <testcase name="newEmployee" time="0.002" classname="com.gcs.serp_qldh.controller.AppControllerTest"/>
  <testcase name="saveEmployeeWithSuccess" time="0.002" classname="com.gcs.serp_qldh.controller.AppControllerTest"/>
  <testcase name="editEmployee" time="0.086" classname="com.gcs.serp_qldh.controller.AppControllerTest"/>
  <testcase name="saveEmployeeWithValidationErrorNonUniqueSSN" time="0.005" classname="com.gcs.serp_qldh.controller.AppControllerTest"/>
  <testcase name="updateEmployeeWithSuccess" time="0.002" classname="com.gcs.serp_qldh.controller.AppControllerTest"/>
  <testcase name="updateEmployeeWithValidationErrorNonUniqueSSN" time="0.002" classname="com.gcs.serp_qldh.controller.AppControllerTest"/>
</testsuite> <!-- com.gcs.serp_qldh.controller.AppControllerTest -->
