<?xml version="1.0" encoding="UTF-8"?>
<!-- Generated by org.testng.reporters.JUnitReportReporter -->
<testsuite hostname="CaoNhan-PC" name="com.gcs.serp_qtdh.dao.EmployeeDaoImplTest" tests="6" failures="0" timestamp="23 Jul 2016 12:53:59 GMT" time="1.114" errors="0">
  <testcase name="findAllEmployees" time="0.040" classname="com.gcs.serp_qtdh.dao.EmployeeDaoImplTest"/>
  <testcase name="findEmployeeBySsn" time="0.080" classname="com.gcs.serp_qtdh.dao.EmployeeDaoImplTest"/>
  <testcase name="deleteEmployeeByInvalidSsn" time="0.184" classname="com.gcs.serp_qtdh.dao.EmployeeDaoImplTest"/>
  <testcase name="findById" time="0.229" classname="com.gcs.serp_qtdh.dao.EmployeeDaoImplTest"/>
  <testcase name="deleteEmployeeBySsn" time="0.378" classname="com.gcs.serp_qtdh.dao.EmployeeDaoImplTest"/>
  <testcase name="saveEmployee" time="0.203" classname="com.gcs.serp_qtdh.dao.EmployeeDaoImplTest"/>
</testsuite> <!-- com.gcs.serp_qtdh.dao.EmployeeDaoImplTest -->
