<?xml version="1.0" encoding="UTF-8"?>
<!-- Generated by org.testng.reporters.JUnitReportReporter -->
<testsuite hostname="CaoNhan-PC" name="com.serp.dao.StockRequisitionDAOTest" tests="21" failures="0" timestamp="23 Jul 2016 02:47:39 GMT" time="0.388" errors="0">
  <testcase name="testGetAllStockRequisitionsThrowException" time="0.006" classname="com.serp.dao.StockRequisitionDAOTest"/>
  <testcase name="testSaveOrUpdateDetailThrowException" time="0.006" classname="com.serp.dao.StockRequisitionDAOTest"/>
  <testcase name="testUpdateDetail" time="0.003" classname="com.serp.dao.StockRequisitionDAOTest"/>
  <testcase name="testSaveStockRequisitionThrowException" time="0.011" classname="com.serp.dao.StockRequisitionDAOTest"/>
  <testcase name="testGetAllDetailsByIdThrowException" time="0.006" classname="com.serp.dao.StockRequisitionDAOTest"/>
  <testcase name="testUpdateStockRequisitionThrowException" time="0.005" classname="com.serp.dao.StockRequisitionDAOTest"/>
  <testcase name="testGetStockRequisitionById" time="0.006" classname="com.serp.dao.StockRequisitionDAOTest"/>
  <testcase name="testSaveStockRequisition" time="0.003" classname="com.serp.dao.StockRequisitionDAOTest"/>
  <testcase name="testDeleteDetailThrowException" time="0.004" classname="com.serp.dao.StockRequisitionDAOTest"/>
  <testcase name="testDeleteDetail" time="0.011" classname="com.serp.dao.StockRequisitionDAOTest"/>
  <testcase name="testGetAllDetailsById" time="0.009" classname="com.serp.dao.StockRequisitionDAOTest"/>
  <testcase name="testSaveDetail" time="0.005" classname="com.serp.dao.StockRequisitionDAOTest"/>
  <testcase name="testUpdateStockRequisition" time="0.003" classname="com.serp.dao.StockRequisitionDAOTest"/>
  <testcase name="testGetDetailByIdReturnNull" time="0.007" classname="com.serp.dao.StockRequisitionDAOTest"/>
  <testcase name="testGetDetailById" time="0.004" classname="com.serp.dao.StockRequisitionDAOTest"/>
  <testcase name="testGetDetailByIdThrowException" time="0.244" classname="com.serp.dao.StockRequisitionDAOTest"/>
  <testcase name="testGetStockRequisitionByIdReturnNull" time="0.027" classname="com.serp.dao.StockRequisitionDAOTest"/>
  <testcase name="testDeleteStockRequisitionById" time="0.015" classname="com.serp.dao.StockRequisitionDAOTest"/>
  <testcase name="testDeleteStockRequisitionByIdThrowException" time="0.007" classname="com.serp.dao.StockRequisitionDAOTest"/>
  <testcase name="testGetStockRequisitionByIdThrowException" time="0.003" classname="com.serp.dao.StockRequisitionDAOTest"/>
  <testcase name="testGetAllStockRequisitions" time="0.003" classname="com.serp.dao.StockRequisitionDAOTest"/>
</testsuite> <!-- com.serp.dao.StockRequisitionDAOTest -->
