<?xml version="1.0" encoding="UTF-8"?>
<!-- Generated by org.testng.reporters.JUnitReportReporter -->
<testsuite hostname="CaoNhan-PC" name="com.serp.service.StockRequisitionServiceTest" tests="25" failures="0" timestamp="23 Jul 2016 02:47:39 GMT" time="0.066" errors="0">
  <testcase name="testUpdateStockRequisition" time="0.008" classname="com.serp.service.StockRequisitionServiceTest"/>
  <testcase name="testDeleteStockRequisitionDetailsById" time="0.001" classname="com.serp.service.StockRequisitionServiceTest"/>
  <testcase name="testSaveStockRequisition" time="0.002" classname="com.serp.service.StockRequisitionServiceTest"/>
  <testcase name="testConvertEntityToModelWithNullEntity" time="0.002" classname="com.serp.service.StockRequisitionServiceTest"/>
  <testcase name="testFindAllDetailsById" time="0.002" classname="com.serp.service.StockRequisitionServiceTest"/>
  <testcase name="testDeleteStockRequisitionDetailsByIdNotExist" time="0.001" classname="com.serp.service.StockRequisitionServiceTest"/>
  <testcase name="testFindAllDetailEntity" time="0.001" classname="com.serp.service.StockRequisitionServiceTest"/>
  <testcase name="testSaveOrUpdateStockRequisitionNullException" time="0.002" classname="com.serp.service.StockRequisitionServiceTest"/>
  <testcase name="testDeleteStockRequisitionById" time="0.003" classname="com.serp.service.StockRequisitionServiceTest"/>
  <testcase name="testConvertEntityToModel" time="0.027" classname="com.serp.service.StockRequisitionServiceTest"/>
  <testcase name="testFindAllDetailsByIdNotExist" time="0.001" classname="com.serp.service.StockRequisitionServiceTest"/>
  <testcase name="testDeleteStockRequisitionByIdNotExist" time="0.004" classname="com.serp.service.StockRequisitionServiceTest"/>
  <testcase name="testfindAllMaterialEntityNull" time="0.001" classname="com.serp.service.StockRequisitionServiceTest"/>
  <testcase name="testConvertModelToEntityWithNullModel" time="0.001" classname="com.serp.service.StockRequisitionServiceTest"/>
  <testcase name="testFindById" time="0.001" classname="com.serp.service.StockRequisitionServiceTest"/>
  <testcase name="testGetDataFromLimitInventory" time="0.001" classname="com.serp.service.StockRequisitionServiceTest"/>
  <testcase name="testFindUnexistingId" time="0.000" classname="com.serp.service.StockRequisitionServiceTest"/>
  <testcase name="testfindAllMaterialEntity" time="0.001" classname="com.serp.service.StockRequisitionServiceTest"/>
  <testcase name="testFindAllStockRequisitions" time="0.003" classname="com.serp.service.StockRequisitionServiceTest"/>
  <testcase name="testFindAllElementEntity" time="0.001" classname="com.serp.service.StockRequisitionServiceTest"/>
  <testcase name="testGetDataFromNullLimitInventory" time="0.000" classname="com.serp.service.StockRequisitionServiceTest"/>
  <testcase name="testSaveOrUpdateDetails" time="0.001" classname="com.serp.service.StockRequisitionServiceTest"/>
  <testcase name="testFindAllDetailEntityWithFakeId" time="0.001" classname="com.serp.service.StockRequisitionServiceTest"/>
  <testcase name="testSaveOrUpdateNullDetails" time="0.001" classname="com.serp.service.StockRequisitionServiceTest"/>
  <testcase name="testfindAllElementEntityNull" time="0.000" classname="com.serp.service.StockRequisitionServiceTest"/>
</testsuite> <!-- com.serp.service.StockRequisitionServiceTest -->
